<?xml version="1.0" encoding="UTF-8"?>
<TestRun id="636ae2c1-28ea-4de4-9475-9c77ad5386b6" name="byron wall@BYRON 2008-03-27 10:23:07" runUser="BYRON\byron wall" xmlns="http://microsoft.com/schemas/VisualStudio/TeamTest/2006">
  <TestRunConfiguration name="Local Test Run" id="1a714541-e910-4986-87d3-00befad1e041">
    <Description>This is a default test run configuration for a local test run.</Description>
    <Deployment runDeploymentRoot="F:\My Documents\Visual Studio 2008\Projects\LastFM\TestResults\byron wall_BYRON 2008-03-27 10_23_07">
      <DeploymentItem filename="F:\My Documents\Visual Studio 2008\Projects\LastFM\LastFM\obj\Debug\Interop.iTunesLib.dll" />
      <DeploymentItem filename="F:\My Documents\Visual Studio 2008\Projects\LastFM\LastFM\bin\Debug\LastFM.exe" />
    </Deployment>
    <TestTypeSpecific />
  </TestRunConfiguration>
  <ResultSummary outcome="Failed">
    <Counters total="1" executed="1" error="0" failed="1" timeout="0" aborted="0" inconclusive="0" passedButRunAborted="0" notRunnable="0" notExecuted="0" disconnected="0" warning="0" passed="0" completed="0" inProgress="0" pending="0" />
  </ResultSummary>
  <Times creation="2008-03-27T10:23:07.8437500-04:00" queuing="2008-03-27T10:23:12.5937500-04:00" start="2008-03-27T10:23:13.2500000-04:00" finish="2008-03-27T10:23:15.2656250-04:00" />
  <TestDefinitions>
    <UnitTest name="UpdateDBTest" storage="f:\my documents\visual studio 2008\projects\lastfm\lastfmunittesting\bin\debug\lastfmunittesting.dll" id="15629901-8a29-c5eb-dec0-bbf01d66ddf6">
      <Css projectStructure="" iteration="" />
      <Owners>
        <Owner name="" />
      </Owners>
      <Execution id="4ddbc631-dc87-47ed-a3f7-ae3004999454" />
      <TestMethod codeBase="F:\My Documents\Visual Studio 2008\Projects\LastFM\LastFMUnitTesting\bin\Debug\LastFMUnitTesting.dll" adapterTypeName="Microsoft.VisualStudio.TestTools.TestTypes.Unit.UnitTestAdapter, Microsoft.VisualStudio.QualityTools.Tips.UnitTest.Adapter, Version=9.0.0.0, Culture=neutral, PublicKeyToken=b03f5f7f11d50a3a" className="LastFMUnitTesting.DatabaseTest, LastFMUnitTesting" name="UpdateDBTest" />
    </UnitTest>
  </TestDefinitions>
  <TestLists>
    <TestList name="Results Not in a List" id="8c84fa94-04c1-424b-9868-57a2d4851a1d" />
    <TestList name="All Loaded Results" id="19431567-8539-422a-85d7-44ee4e166bda" />
  </TestLists>
  <TestEntries>
    <TestEntry testId="15629901-8a29-c5eb-dec0-bbf01d66ddf6" executionId="4ddbc631-dc87-47ed-a3f7-ae3004999454" testListId="8c84fa94-04c1-424b-9868-57a2d4851a1d" />
  </TestEntries>
  <Results>
    <UnitTestResult executionId="4ddbc631-dc87-47ed-a3f7-ae3004999454" testId="15629901-8a29-c5eb-dec0-bbf01d66ddf6" testName="UpdateDBTest" computerName="BYRON" duration="00:00:00.9711122" startTime="2008-03-27T10:23:13.5937500-04:00" endTime="2008-03-27T10:23:15.0312500-04:00" testType="13cdc9d9-ddb5-4fa4-a97d-d965ccfc6d4b" outcome="Failed" testListId="8c84fa94-04c1-424b-9868-57a2d4851a1d">
      <Output>
        <ErrorInfo>
          <Message>Test method LastFMUnitTesting.DatabaseTest.UpdateDBTest threw exception:  System.NullReferenceException: Object reference not set to an instance of an object..</Message>
          <StackTrace>    at LastFM.Log.AddEvent(LogEventSender sender, String content, LogEventStatus status) in F:\My Documents\Visual Studio 2008\Projects\LastFM\LastFM\Log.cs:line 38
   at LastFM.Log.AddEvent(String content) in F:\My Documents\Visual Studio 2008\Projects\LastFM\LastFM\Log.cs:line 54
   at iTunes_WPF.iTunesReference.Initialize() in F:\My Documents\Visual Studio 2008\Projects\LastFM\LastFM\iTunesReference.cs:line 77
   at iTunes_WPF.iTunesReference.get_Instance() in F:\My Documents\Visual Studio 2008\Projects\LastFM\LastFM\iTunesReference.cs:line 62
   at iTunes_WPF.iTunesReference.get_TotalSongs() in F:\My Documents\Visual Studio 2008\Projects\LastFM\LastFM\iTunesReference.cs:line 44
   at LastFM.TrackInfo.Database.UpdateDB() in F:\My Documents\Visual Studio 2008\Projects\LastFM\LastFM\TrackInfo.cs:line 26
   at LastFMUnitTesting.DatabaseTest.UpdateDBTest() in F:\My Documents\Visual Studio 2008\Projects\LastFM\LastFMUnitTesting\DatabaseTest.cs:line 73
</StackTrace>
        </ErrorInfo>
      </Output>
    </UnitTestResult>
  </Results>
</TestRun>